<?xml version="1.0" encoding="UTF-8"?>
<testsuite xmlns:xsi="http://www.w3.org/2001/XMLSchema-instance" xsi:noNamespaceSchemaLocation="https://maven.apache.org/surefire/maven-surefire-plugin/xsd/surefire-test-report-3.0.xsd" version="3.0" name="org.example.BookTest" time="0.132" tests="4" errors="0" skipped="0" failures="0">
  <properties>
[...]
</properties>
  <testcase name="testParameterizedConstructor" classname="org.example.BookTest" time="0.062"/>
  <testcase name="testToString" classname="org.example.BookTest" time="0.017"/>
  <testcase name="testSettersAndGetters" classname="org.example.BookTest" time="0.004"/>
  <testcase name="testDefaultConstructor" classname="org.example.BookTest" time="0.002"/>
</testsuite>